  [4;36;1mSQL (0.000216)[0m   [0;1m SELECT name
 FROM sqlite_master
 WHERE type = 'table' AND NOT name = 'sqlite_sequence'
[0m
  [4;35;1mSQL (0.000131)[0m   [0mselect sqlite_version(*)[0m
  [4;36;1mSQL (0.002802)[0m   [0;1mCREATE TABLE "schema_migrations" ("version" varchar(255) NOT NULL) [0m
  [4;35;1mSQL (0.002136)[0m   [0mCREATE UNIQUE INDEX "unique_schema_migrations" ON "schema_migrations" ("version")[0m
  [4;36;1mSQL (0.000341)[0m   [0;1m SELECT name
 FROM sqlite_master
 WHERE type = 'table' AND NOT name = 'sqlite_sequence'
[0m
  [4;35;1mSQL (0.000158)[0m   [0mSELECT version FROM schema_migrations[0m
  [4;36;1mSQL (0.000080)[0m   [0;1mSELECT version FROM schema_migrations[0m
  [4;35;1mSQL (0.000077)[0m   [0mSELECT version FROM schema_migrations[0m
  [4;36;1mSQL (0.000077)[0m   [0;1mSELECT version FROM schema_migrations[0m
  [4;35;1mSQL (0.000076)[0m   [0mSELECT version FROM schema_migrations[0m
  [4;36;1mSQL (0.000077)[0m   [0;1mSELECT version FROM schema_migrations[0m
  [4;35;1mSQL (0.000076)[0m   [0mSELECT version FROM schema_migrations[0m
  [4;36;1mSQL (0.000077)[0m   [0;1mSELECT version FROM schema_migrations[0m
  [4;35;1mSQL (0.000077)[0m   [0mSELECT version FROM schema_migrations[0m
  [4;36;1mSQL (0.000076)[0m   [0;1mSELECT version FROM schema_migrations[0m
  [4;35;1mSQL (0.000106)[0m   [0mSELECT version FROM schema_migrations[0m
Migrating to CreateUsers (20080811045542)
  [4;36;1mSQL (0.000083)[0m   [0;1mSELECT version FROM schema_migrations[0m
  [4;35;1mSQL (0.000181)[0m   [0m SELECT name
 FROM sqlite_master
 WHERE type = 'table' AND NOT name = 'sqlite_sequence'
[0m
  [4;36;1mSQL (0.002434)[0m   [0;1mCREATE TABLE "users" ("id" INTEGER PRIMARY KEY AUTOINCREMENT NOT NULL, "login" varchar(255) DEFAULT NULL NULL, "email" varchar(255) DEFAULT NULL NULL, "crypted_password" varchar(40) DEFAULT NULL NULL, "salt" varchar(40) DEFAULT NULL NULL, "created_at" datetime DEFAULT NULL NULL, "updated_at" datetime DEFAULT NULL NULL, "remember_token" varchar(255) DEFAULT NULL NULL, "remember_token_expires_at" datetime DEFAULT NULL NULL, "identity_url" varchar(255) DEFAULT NULL NULL, "avatar_file_name" varchar(255) DEFAULT NULL NULL, "avatar_content_type" varchar(255) DEFAULT NULL NULL, "avatar_file_size" integer DEFAULT NULL NULL, "admin" boolean DEFAULT 'f' NULL) [0m
  [4;35;1mSQL (0.000241)[0m   [0mSELECT "login" FROM "users" WHERE (LOWER("users".login) = 'admin') [0m
  [4;36;1mSQL (0.000103)[0m   [0;1mSELECT "email" FROM "users" WHERE (LOWER("users".email) = 'admin@yourcompany.com') [0m
  [4;35;1mUser Create (0.000380)[0m   [0mINSERT INTO "users" ("salt", "updated_at", "avatar_file_name", "avatar_file_size", "crypted_password", "remember_token_expires_at", "admin", "avatar_content_type", "remember_token", "identity_url", "login", "email", "created_at") VALUES('30e6b8b972c0ff2db3ccbcb116257c9ac270e1b7', '2008-09-01 14:24:38', NULL, NULL, '94f45ebe1a23c4750c8c6c594864b02ae0a977dd', NULL, 't', NULL, NULL, NULL, 'admin', 'admin@yourcompany.com', '2008-09-01 14:24:38')[0m
  [4;36;1mSQL (0.002139)[0m   [0;1mINSERT INTO schema_migrations (version) VALUES ('20080811045542')[0m
Migrating to CreatePosts (20080811045851)
  [4;35;1mSQL (0.000623)[0m   [0mSELECT version FROM schema_migrations[0m
  [4;36;1mSQL (0.002227)[0m   [0;1mCREATE TABLE "posts" ("id" INTEGER PRIMARY KEY AUTOINCREMENT NOT NULL, "title" varchar(255) DEFAULT NULL NULL, "content" text DEFAULT NULL NULL, "read_count" integer DEFAULT 0 NULL, "comments_count" integer DEFAULT 0 NULL, "diggs_count" integer DEFAULT 0 NULL, "clips_count" integer DEFAULT 0 NULL, "sticky" boolean DEFAULT 'f' NULL, "ip" varchar(24) DEFAULT NULL NULL, "url" varchar(255) DEFAULT NULL NULL, "created_at" datetime DEFAULT NULL NULL, "updated_at" datetime DEFAULT NULL NULL, "user_id" integer DEFAULT NULL NULL, "board_id" integer DEFAULT NULL NULL) [0m
  [4;35;1mSQL (0.001983)[0m   [0mINSERT INTO schema_migrations (version) VALUES ('20080811045851')[0m
Migrating to AddOpenIdAuthenticationTables (20080811050458)
  [4;36;1mSQL (0.000221)[0m   [0;1mSELECT version FROM schema_migrations[0m
  [4;35;1mSQL (0.000240)[0m   [0m SELECT name
 FROM sqlite_master
 WHERE type = 'table' AND NOT name = 'sqlite_sequence'
[0m
  [4;36;1mSQL (0.002157)[0m   [0;1mCREATE TABLE "open_id_authentication_associations" ("id" INTEGER PRIMARY KEY AUTOINCREMENT NOT NULL, "issued" integer DEFAULT NULL NULL, "lifetime" integer DEFAULT NULL NULL, "handle" varchar(255) DEFAULT NULL NULL, "assoc_type" varchar(255) DEFAULT NULL NULL, "server_url" blob DEFAULT NULL NULL, "secret" blob DEFAULT NULL NULL) [0m
  [4;35;1mSQL (0.000322)[0m   [0m SELECT name
 FROM sqlite_master
 WHERE type = 'table' AND NOT name = 'sqlite_sequence'
[0m
  [4;36;1mSQL (0.002378)[0m   [0;1mCREATE TABLE "open_id_authentication_nonces" ("id" INTEGER PRIMARY KEY AUTOINCREMENT NOT NULL, "timestamp" integer NOT NULL, "server_url" varchar(255) DEFAULT NULL NULL, "salt" varchar(255) NOT NULL) [0m
  [4;35;1mSQL (0.002284)[0m   [0mINSERT INTO schema_migrations (version) VALUES ('20080811050458')[0m
Migrating to ActsAsTaggableMigration (20080811051120)
  [4;36;1mSQL (0.000451)[0m   [0;1mSELECT version FROM schema_migrations[0m
  [4;35;1mSQL (0.002298)[0m   [0mCREATE TABLE "tags" ("id" INTEGER PRIMARY KEY AUTOINCREMENT NOT NULL, "name" varchar(255) DEFAULT NULL NULL) [0m
  [4;36;1mSQL (0.002884)[0m   [0;1mCREATE TABLE "taggings" ("id" INTEGER PRIMARY KEY AUTOINCREMENT NOT NULL, "tag_id" integer DEFAULT NULL NULL, "taggable_id" integer DEFAULT NULL NULL, "taggable_type" varchar(255) DEFAULT NULL NULL, "created_at" datetime DEFAULT NULL NULL) [0m
  [4;35;1mSQL (0.002242)[0m   [0mCREATE INDEX "index_taggings_on_tag_id" ON "taggings" ("tag_id")[0m
  [4;36;1mSQL (0.002731)[0m   [0;1mCREATE INDEX "index_taggings_on_taggable_id_and_taggable_type" ON "taggings" ("taggable_id", "taggable_type")[0m
  [4;35;1mSQL (0.002017)[0m   [0mINSERT INTO schema_migrations (version) VALUES ('20080811051120')[0m
Migrating to CreateClips (20080811051211)
  [4;36;1mSQL (0.000788)[0m   [0;1mSELECT version FROM schema_migrations[0m
  [4;35;1mSQL (0.002875)[0m   [0mCREATE TABLE "clips" ("id" INTEGER PRIMARY KEY AUTOINCREMENT NOT NULL, "size" integer DEFAULT NULL NULL, "content_type" varchar(255) DEFAULT NULL NULL, "filename" varchar(255) DEFAULT NULL NULL, "height" integer DEFAULT NULL NULL, "width" integer DEFAULT NULL NULL, "parent_id" integer DEFAULT NULL NULL, "thumbnail" varchar(255) DEFAULT NULL NULL, "post_id" integer DEFAULT NULL NULL, "created_at" datetime DEFAULT NULL NULL, "updated_at" datetime DEFAULT NULL NULL) [0m
  [4;36;1mSQL (0.001934)[0m   [0;1mINSERT INTO schema_migrations (version) VALUES ('20080811051211')[0m
Migrating to CreateDiggs (20080811051643)
  [4;35;1mSQL (0.000832)[0m   [0mSELECT version FROM schema_migrations[0m
  [4;36;1mSQL (0.002348)[0m   [0;1mCREATE TABLE "diggs" ("id" INTEGER PRIMARY KEY AUTOINCREMENT NOT NULL, "user_id" integer DEFAULT NULL NULL, "post_id" integer DEFAULT NULL NULL, "ip" varchar(24) DEFAULT NULL NULL, "created_at" datetime DEFAULT NULL NULL, "updated_at" datetime DEFAULT NULL NULL) [0m
  [4;35;1mSQL (0.002218)[0m   [0mINSERT INTO schema_migrations (version) VALUES ('20080811051643')[0m
Migrating to CreateBoards (20080811051903)
  [4;36;1mSQL (0.000749)[0m   [0;1mSELECT version FROM schema_migrations[0m
  [4;35;1mSQL (0.002631)[0m   [0mCREATE TABLE "boards" ("id" INTEGER PRIMARY KEY AUTOINCREMENT NOT NULL, "title" varchar(255) DEFAULT NULL NULL, "name" varchar(255) DEFAULT NULL NULL, "description" text DEFAULT NULL NULL, "group_id" integer DEFAULT NULL NULL, "posts_count" integer DEFAULT 0 NULL, "created_at" datetime DEFAULT NULL NULL, "updated_at" datetime DEFAULT NULL NULL) [0m
  [4;36;1mSQL (0.002368)[0m   [0;1mINSERT INTO schema_migrations (version) VALUES ('20080811051903')[0m
Migrating to CreateGroups (20080811052026)
  [4;35;1mSQL (0.001050)[0m   [0mSELECT version FROM schema_migrations[0m
  [4;36;1mSQL (0.002381)[0m   [0;1mCREATE TABLE "groups" ("id" INTEGER PRIMARY KEY AUTOINCREMENT NOT NULL, "title" varchar(255) DEFAULT NULL NULL, "name" varchar(255) DEFAULT NULL NULL, "description" text DEFAULT NULL NULL, "boards_count" integer DEFAULT 0 NULL, "created_at" datetime DEFAULT NULL NULL, "updated_at" datetime DEFAULT NULL NULL) [0m
  [4;35;1mSQL (0.000152)[0m   [0mSELECT "name" FROM "groups" WHERE ("groups".name = 'home') [0m
  [4;36;1mGroup Create (0.000246)[0m   [0;1mINSERT INTO "groups" ("name", "boards_count", "updated_at", "title", "description", "created_at") VALUES('home', 0, '2008-09-01 14:24:38', 'Home', NULL, '2008-09-01 14:24:38')[0m
  [4;35;1mSQL (0.002020)[0m   [0mINSERT INTO schema_migrations (version) VALUES ('20080811052026')[0m
Migrating to CreateFriendships (20080811052210)
  [4;36;1mSQL (0.000715)[0m   [0;1mSELECT version FROM schema_migrations[0m
  [4;35;1mSQL (0.001026)[0m   [0m SELECT name
 FROM sqlite_master
 WHERE type = 'table' AND NOT name = 'sqlite_sequence'
[0m
  [4;36;1mSQL (0.002505)[0m   [0;1mCREATE TABLE "friendships" ("id" INTEGER PRIMARY KEY AUTOINCREMENT NOT NULL, "user_id" integer NOT NULL, "friend_id" integer NOT NULL, "created_at" datetime DEFAULT NULL NULL, "accepted_at" datetime DEFAULT NULL NULL) [0m
  [4;35;1mSQL (0.002089)[0m   [0mINSERT INTO schema_migrations (version) VALUES ('20080811052210')[0m
Migrating to CreateReplies (20080814052513)
  [4;36;1mSQL (0.001124)[0m   [0;1mSELECT version FROM schema_migrations[0m
  [4;35;1mSQL (0.002655)[0m   [0mCREATE TABLE "replies" ("id" INTEGER PRIMARY KEY AUTOINCREMENT NOT NULL, "body" text DEFAULT NULL NULL, "ip" varchar(15) DEFAULT NULL NULL, "user_id" integer DEFAULT NULL NULL, "post_id" integer DEFAULT NULL NULL, "author" varchar(255) DEFAULT NULL NULL, "password" varchar(255) DEFAULT NULL NULL, "homepage" varchar(255) DEFAULT NULL NULL, "secret" boolean DEFAULT NULL NULL, "created_at" datetime DEFAULT NULL NULL, "updated_at" datetime DEFAULT NULL NULL) [0m
  [4;36;1mSQL (0.001970)[0m   [0;1mINSERT INTO schema_migrations (version) VALUES ('20080814052513')[0m
Migrating to ChangeCommentsCountToRepliesCountForPost (20080814064342)
  [4;35;1mSQL (0.001155)[0m   [0mSELECT version FROM schema_migrations[0m
  [4;36;1mSQL (0.000915)[0m   [0;1mCREATE TEMPORARY TABLE "altered_posts" ("id" INTEGER PRIMARY KEY AUTOINCREMENT NOT NULL, "title" varchar(255) DEFAULT NULL NULL, "content" text DEFAULT NULL NULL, "read_count" integer DEFAULT 0 NULL, "replies_count" integer DEFAULT 0 NULL, "diggs_count" integer DEFAULT 0 NULL, "clips_count" integer DEFAULT 0 NULL, "sticky" boolean DEFAULT 'f' NULL, "ip" varchar(24) DEFAULT NULL NULL, "url" varchar(255) DEFAULT NULL NULL, "created_at" datetime DEFAULT NULL NULL, "updated_at" datetime DEFAULT NULL NULL, "user_id" integer DEFAULT NULL NULL, "board_id" integer DEFAULT NULL NULL) [0m
  [4;35;1mSQL (0.000048)[0m   [0mPRAGMA index_list("posts")[0m
  [4;36;1mSQL (0.000413)[0m   [0;1mDROP TABLE "posts"[0m
  [4;35;1mSQL (0.000409)[0m   [0mCREATE TABLE "posts" ("id" INTEGER PRIMARY KEY AUTOINCREMENT NOT NULL, "title" varchar(255) DEFAULT NULL NULL, "content" text DEFAULT NULL NULL, "read_count" integer DEFAULT 0 NULL, "replies_count" integer DEFAULT 0 NULL, "diggs_count" integer DEFAULT 0 NULL, "clips_count" integer DEFAULT 0 NULL, "sticky" boolean DEFAULT 'f' NULL, "ip" varchar(24) DEFAULT NULL NULL, "url" varchar(255) DEFAULT NULL NULL, "created_at" datetime DEFAULT NULL NULL, "updated_at" datetime DEFAULT NULL NULL, "user_id" integer DEFAULT NULL NULL, "board_id" integer DEFAULT NULL NULL) [0m
  [4;36;1mSQL (0.000042)[0m   [0;1mPRAGMA index_list("altered_posts")[0m
  [4;35;1mSQL (0.000125)[0m   [0mDROP TABLE "altered_posts"[0m
  [4;36;1mSQL (0.002389)[0m   [0;1mINSERT INTO schema_migrations (version) VALUES ('20080814064342')[0m
  [4;35;1mSQL (0.000888)[0m   [0mSELECT version FROM schema_migrations[0m
  [4;36;1mSQL (0.001040)[0m   [0;1m SELECT name
 FROM sqlite_master
 WHERE type = 'table' AND NOT name = 'sqlite_sequence'
[0m
  [4;35;1mSQL (0.000078)[0m   [0mPRAGMA index_list("boards")[0m
  [4;36;1mSQL (0.000065)[0m   [0;1mPRAGMA index_list("clips")[0m
  [4;35;1mSQL (0.000094)[0m   [0mPRAGMA index_list("diggs")[0m
  [4;36;1mSQL (0.000057)[0m   [0;1mPRAGMA index_list("friendships")[0m
  [4;35;1mSQL (0.000059)[0m   [0mPRAGMA index_list("groups")[0m
  [4;36;1mSQL (0.000057)[0m   [0;1mPRAGMA index_list("open_id_authentication_associations")[0m
  [4;35;1mSQL (0.000058)[0m   [0mPRAGMA index_list("open_id_authentication_nonces")[0m
  [4;36;1mSQL (0.000060)[0m   [0;1mPRAGMA index_list("posts")[0m
  [4;35;1mSQL (0.000048)[0m   [0mPRAGMA index_list("replies")[0m
  [4;36;1mSQL (0.000169)[0m   [0;1mPRAGMA index_list("taggings")[0m
  [4;35;1mSQL (0.000168)[0m   [0mPRAGMA index_info('index_taggings_on_taggable_id_and_taggable_type')[0m
  [4;36;1mSQL (0.000116)[0m   [0;1mPRAGMA index_info('index_taggings_on_tag_id')[0m
  [4;35;1mSQL (0.000043)[0m   [0mPRAGMA index_list("tags")[0m
  [4;36;1mSQL (0.000049)[0m   [0;1mPRAGMA index_list("users")[0m


Processing HomeController#list (for 127.0.0.1 at 2008-09-01 23:24:52) [GET]
  Session ID: BAh7BiIKZmxhc2hJQzonQWN0aW9uQ29udHJvbGxlcjo6Rmxhc2g6OkZsYXNo
SGFzaHsABjoKQHVzZWR7AA==--72a2922b144b7f8ba99653b5790795d63e77f6d9
  Parameters: {"action"=>"list", "controller"=>"home"}
  [4;36;1mGroup Load (0.000271)[0m   [0;1mSELECT * FROM "groups" WHERE ("groups"."name" = 'home') LIMIT 1[0m
  [4;35;1mBoard Load (0.000173)[0m   [0mSELECT id, name FROM "boards" [0m
  [4;36;1mPost Load Including Associations (0.000662)[0m   [0;1mSELECT "posts"."id" AS t0_r0, "posts"."title" AS t0_r1, "posts"."content" AS t0_r2, "posts"."read_count" AS t0_r3, "posts"."replies_count" AS t0_r4, "posts"."diggs_count" AS t0_r5, "posts"."clips_count" AS t0_r6, "posts"."sticky" AS t0_r7, "posts"."ip" AS t0_r8, "posts"."url" AS t0_r9, "posts"."created_at" AS t0_r10, "posts"."updated_at" AS t0_r11, "posts"."user_id" AS t0_r12, "posts"."board_id" AS t0_r13, "boards"."id" AS t1_r0, "boards"."title" AS t1_r1, "boards"."name" AS t1_r2, "boards"."description" AS t1_r3, "boards"."group_id" AS t1_r4, "boards"."posts_count" AS t1_r5, "boards"."created_at" AS t1_r6, "boards"."updated_at" AS t1_r7, "groups"."id" AS t2_r0, "groups"."title" AS t2_r1, "groups"."name" AS t2_r2, "groups"."description" AS t2_r3, "groups"."boards_count" AS t2_r4, "groups"."created_at" AS t2_r5, "groups"."updated_at" AS t2_r6 FROM "posts" LEFT OUTER JOIN "boards" ON "boards".id = "posts".board_id LEFT OUTER JOIN "groups" ON "groups".id = "boards".group_id WHERE (groups.name = 'home') ORDER BY sticky DESC, posts.created_at DESC LIMIT 10 OFFSET 0[0m
  [4;35;1mBoard Load (0.000117)[0m   [0mSELECT * FROM "boards" WHERE ("boards".group_id = 1) [0m
Rendering template within zi2/posts/inner
Rendering zi2/posts/list
Rendered zi2/posts/_total_rss (0.00033)
Rendered zi2/posts/_list (0.00331)
Rendered zi2/posts/_side_nav (0.00012)
Rendered zi2/posts/_title (0.00001)
  [4;36;1mUser Load (0.000273)[0m   [0;1mSELECT * FROM "users" WHERE ("users"."remember_token" = '') LIMIT 1[0m
Rendered layouts/zi2/_top_menu (0.07748)
Rendered layouts/_top_nav (0.00004)
Rendered zi2/posts/_side_nav (0.00011)
Completed in 0.13095 (7 reqs/sec) | Rendering: 0.09255 (70%) | DB: 0.00150 (1%) | 200 OK [http://localhost/home]


Processing PostsController#catch_all (for 127.0.0.1 at 2008-09-01 23:24:53) [GET]
  Session ID: BAh7BiIKZmxhc2hJQzonQWN0aW9uQ29udHJvbGxlcjo6Rmxhc2g6OkZsYXNo
SGFzaHsABjoKQHVzZWR7AA==--72a2922b144b7f8ba99653b5790795d63e77f6d9
  Parameters: {"action"=>"catch_all", "controller"=>"zi2/posts", "path"=>["stylesheets", "blueprint", "screen.css"]}
  [4;35;1mGroup Load (0.000141)[0m   [0mSELECT * FROM "groups" WHERE ("groups"."name" = 'posts') LIMIT 1[0m
  [4;36;1mBoard Load (0.000162)[0m   [0;1mSELECT * FROM "boards" WHERE ("boards"."name" = 'blueprint') LIMIT 1[0m


NoMethodError (You have a nil object when you didn't expect it!
The error occurred while evaluating nil.group):
    /app/controllers/zi2/posts_controller.rb:130:in `catch_all'
    /Library/Ruby/Gems/1.8/gems/actionpack-2.1.0/lib/action_controller/base.rb:1162:in `send'
    /Library/Ruby/Gems/1.8/gems/actionpack-2.1.0/lib/action_controller/base.rb:1162:in `perform_action_without_filters'
    /Library/Ruby/Gems/1.8/gems/actionpack-2.1.0/lib/action_controller/filters.rb:580:in `call_filters'
    /Library/Ruby/Gems/1.8/gems/actionpack-2.1.0/lib/action_controller/filters.rb:573:in `perform_action_without_benchmark'
    /Library/Ruby/Gems/1.8/gems/actionpack-2.1.0/lib/action_controller/benchmarking.rb:68:in `perform_action_without_rescue'
    /System/Library/Frameworks/Ruby.framework/Versions/1.8/usr/lib/ruby/1.8/benchmark.rb:293:in `measure'
    /Library/Ruby/Gems/1.8/gems/actionpack-2.1.0/lib/action_controller/benchmarking.rb:68:in `perform_action_without_rescue'
    /Library/Ruby/Gems/1.8/gems/actionpack-2.1.0/lib/action_controller/rescue.rb:201:in `perform_action_without_caching'
    /Library/Ruby/Gems/1.8/gems/actionpack-2.1.0/lib/action_controller/caching/sql_cache.rb:13:in `perform_action'
    /Library/Ruby/Gems/1.8/gems/activerecord-2.1.0/lib/active_record/connection_adapters/abstract/query_cache.rb:33:in `cache'
    /Library/Ruby/Gems/1.8/gems/activerecord-2.1.0/lib/active_record/query_cache.rb:8:in `cache'
    /Library/Ruby/Gems/1.8/gems/actionpack-2.1.0/lib/action_controller/caching/sql_cache.rb:12:in `perform_action'
    /Library/Ruby/Gems/1.8/gems/actionpack-2.1.0/lib/action_controller/base.rb:529:in `send'
    /Library/Ruby/Gems/1.8/gems/actionpack-2.1.0/lib/action_controller/base.rb:529:in `process_without_filters'
    /Library/Ruby/Gems/1.8/gems/actionpack-2.1.0/lib/action_controller/filters.rb:569:in `process_without_session_management_support'
    /Library/Ruby/Gems/1.8/gems/actionpack-2.1.0/lib/action_controller/session_management.rb:130:in `process'
    /Library/Ruby/Gems/1.8/gems/actionpack-2.1.0/lib/action_controller/base.rb:389:in `process'
    /Library/Ruby/Gems/1.8/gems/actionpack-2.1.0/lib/action_controller/dispatcher.rb:149:in `handle_request'
    /Library/Ruby/Gems/1.8/gems/actionpack-2.1.0/lib/action_controller/dispatcher.rb:107:in `dispatch'
    /Library/Ruby/Gems/1.8/gems/actionpack-2.1.0/lib/action_controller/dispatcher.rb:104:in `synchronize'
    /Library/Ruby/Gems/1.8/gems/actionpack-2.1.0/lib/action_controller/dispatcher.rb:104:in `dispatch'
    /Library/Ruby/Gems/1.8/gems/actionpack-2.1.0/lib/action_controller/dispatcher.rb:120:in `dispatch_cgi'
    /Library/Ruby/Gems/1.8/gems/actionpack-2.1.0/lib/action_controller/dispatcher.rb:35:in `dispatch'
    /Library/Ruby/Gems/1.8/gems/mongrel-1.1.5/bin/../lib/mongrel/rails.rb:76:in `process'
    /Library/Ruby/Gems/1.8/gems/mongrel-1.1.5/bin/../lib/mongrel/rails.rb:74:in `synchronize'
    /Library/Ruby/Gems/1.8/gems/mongrel-1.1.5/bin/../lib/mongrel/rails.rb:74:in `process'
    /Library/Ruby/Gems/1.8/gems/mongrel-1.1.5/lib/mongrel.rb:159:in `process_client'
    /Library/Ruby/Gems/1.8/gems/mongrel-1.1.5/lib/mongrel.rb:158:in `each'
    /Library/Ruby/Gems/1.8/gems/mongrel-1.1.5/lib/mongrel.rb:158:in `process_client'
    /Library/Ruby/Gems/1.8/gems/mongrel-1.1.5/lib/mongrel.rb:285:in `run'
    /Library/Ruby/Gems/1.8/gems/mongrel-1.1.5/lib/mongrel.rb:285:in `initialize'
    /Library/Ruby/Gems/1.8/gems/mongrel-1.1.5/lib/mongrel.rb:285:in `new'
    /Library/Ruby/Gems/1.8/gems/mongrel-1.1.5/lib/mongrel.rb:285:in `run'
    /Library/Ruby/Gems/1.8/gems/mongrel-1.1.5/lib/mongrel.rb:268:in `initialize'
    /Library/Ruby/Gems/1.8/gems/mongrel-1.1.5/lib/mongrel.rb:268:in `new'
    /Library/Ruby/Gems/1.8/gems/mongrel-1.1.5/lib/mongrel.rb:268:in `run'
    /Library/Ruby/Gems/1.8/gems/mongrel-1.1.5/lib/mongrel/configurator.rb:282:in `run'
    /Library/Ruby/Gems/1.8/gems/mongrel-1.1.5/lib/mongrel/configurator.rb:281:in `each'
    /Library/Ruby/Gems/1.8/gems/mongrel-1.1.5/lib/mongrel/configurator.rb:281:in `run'
    /Library/Ruby/Gems/1.8/gems/mongrel-1.1.5/bin/mongrel_rails:128:in `run'
    /Library/Ruby/Gems/1.8/gems/mongrel-1.1.5/lib/mongrel/command.rb:212:in `run'
    /Library/Ruby/Gems/1.8/gems/mongrel-1.1.5/bin/mongrel_rails:281
    /Library/Ruby/Gems/1.8/gems/activesupport-2.1.0/lib/active_support/dependencies.rb:502:in `load'
    /Library/Ruby/Gems/1.8/gems/activesupport-2.1.0/lib/active_support/dependencies.rb:502:in `load'
    /Library/Ruby/Gems/1.8/gems/activesupport-2.1.0/lib/active_support/dependencies.rb:354:in `new_constants_in'
    /Library/Ruby/Gems/1.8/gems/activesupport-2.1.0/lib/active_support/dependencies.rb:502:in `load'
    /Library/Ruby/Gems/1.8/gems/rails-2.1.0/lib/commands/servers/mongrel.rb:64
    /Library/Ruby/Site/1.8/rubygems/custom_require.rb:27:in `gem_original_require'
    /Library/Ruby/Site/1.8/rubygems/custom_require.rb:27:in `require'
    /Library/Ruby/Gems/1.8/gems/activesupport-2.1.0/lib/active_support/dependencies.rb:509:in `require'
    /Library/Ruby/Gems/1.8/gems/activesupport-2.1.0/lib/active_support/dependencies.rb:354:in `new_constants_in'
    /Library/Ruby/Gems/1.8/gems/activesupport-2.1.0/lib/active_support/dependencies.rb:509:in `require'
    /Library/Ruby/Gems/1.8/gems/rails-2.1.0/lib/commands/server.rb:39
    /Library/Ruby/Site/1.8/rubygems/custom_require.rb:27:in `gem_original_require'
    /Library/Ruby/Site/1.8/rubygems/custom_require.rb:27:in `require'
    script/server:3

Rendering /Library/Ruby/Gems/1.8/gems/actionpack-2.1.0/lib/action_controller/templates/rescues/layout.erb (internal_server_error)


Processing PostsController#catch_all (for 127.0.0.1 at 2008-09-01 23:24:53) [GET]
  Session ID: BAh7BiIKZmxhc2hJQzonQWN0aW9uQ29udHJvbGxlcjo6Rmxhc2g6OkZsYXNo
SGFzaHsABjoKQHVzZWR7AA==--72a2922b144b7f8ba99653b5790795d63e77f6d9
  Parameters: {"action"=>"catch_all", "controller"=>"zi2/posts", "path"=>["stylesheets", "blueprint", "print.css"]}
  [4;35;1mGroup Load (0.000128)[0m   [0mSELECT * FROM "groups" WHERE ("groups"."name" = 'posts') LIMIT 1[0m
  [4;36;1mBoard Load (0.000162)[0m   [0;1mSELECT * FROM "boards" WHERE ("boards"."name" = 'blueprint') LIMIT 1[0m


NoMethodError (You have a nil object when you didn't expect it!
The error occurred while evaluating nil.group):
    /app/controllers/zi2/posts_controller.rb:130:in `catch_all'
    /Library/Ruby/Gems/1.8/gems/actionpack-2.1.0/lib/action_controller/base.rb:1162:in `send'
    /Library/Ruby/Gems/1.8/gems/actionpack-2.1.0/lib/action_controller/base.rb:1162:in `perform_action_without_filters'
    /Library/Ruby/Gems/1.8/gems/actionpack-2.1.0/lib/action_controller/filters.rb:580:in `call_filters'
    /Library/Ruby/Gems/1.8/gems/actionpack-2.1.0/lib/action_controller/filters.rb:573:in `perform_action_without_benchmark'
    /Library/Ruby/Gems/1.8/gems/actionpack-2.1.0/lib/action_controller/benchmarking.rb:68:in `perform_action_without_rescue'
    /System/Library/Frameworks/Ruby.framework/Versions/1.8/usr/lib/ruby/1.8/benchmark.rb:293:in `measure'
    /Library/Ruby/Gems/1.8/gems/actionpack-2.1.0/lib/action_controller/benchmarking.rb:68:in `perform_action_without_rescue'
    /Library/Ruby/Gems/1.8/gems/actionpack-2.1.0/lib/action_controller/rescue.rb:201:in `perform_action_without_caching'
    /Library/Ruby/Gems/1.8/gems/actionpack-2.1.0/lib/action_controller/caching/sql_cache.rb:13:in `perform_action'
    /Library/Ruby/Gems/1.8/gems/activerecord-2.1.0/lib/active_record/connection_adapters/abstract/query_cache.rb:33:in `cache'
    /Library/Ruby/Gems/1.8/gems/activerecord-2.1.0/lib/active_record/query_cache.rb:8:in `cache'
    /Library/Ruby/Gems/1.8/gems/actionpack-2.1.0/lib/action_controller/caching/sql_cache.rb:12:in `perform_action'
    /Library/Ruby/Gems/1.8/gems/actionpack-2.1.0/lib/action_controller/base.rb:529:in `send'
    /Library/Ruby/Gems/1.8/gems/actionpack-2.1.0/lib/action_controller/base.rb:529:in `process_without_filters'
    /Library/Ruby/Gems/1.8/gems/actionpack-2.1.0/lib/action_controller/filters.rb:569:in `process_without_session_management_support'
    /Library/Ruby/Gems/1.8/gems/actionpack-2.1.0/lib/action_controller/session_management.rb:130:in `process'
    /Library/Ruby/Gems/1.8/gems/actionpack-2.1.0/lib/action_controller/base.rb:389:in `process'
    /Library/Ruby/Gems/1.8/gems/actionpack-2.1.0/lib/action_controller/dispatcher.rb:149:in `handle_request'
    /Library/Ruby/Gems/1.8/gems/actionpack-2.1.0/lib/action_controller/dispatcher.rb:107:in `dispatch'
    /Library/Ruby/Gems/1.8/gems/actionpack-2.1.0/lib/action_controller/dispatcher.rb:104:in `synchronize'
    /Library/Ruby/Gems/1.8/gems/actionpack-2.1.0/lib/action_controller/dispatcher.rb:104:in `dispatch'
    /Library/Ruby/Gems/1.8/gems/actionpack-2.1.0/lib/action_controller/dispatcher.rb:120:in `dispatch_cgi'
    /Library/Ruby/Gems/1.8/gems/actionpack-2.1.0/lib/action_controller/dispatcher.rb:35:in `dispatch'
    /Library/Ruby/Gems/1.8/gems/mongrel-1.1.5/bin/../lib/mongrel/rails.rb:76:in `process'
    /Library/Ruby/Gems/1.8/gems/mongrel-1.1.5/bin/../lib/mongrel/rails.rb:74:in `synchronize'
    /Library/Ruby/Gems/1.8/gems/mongrel-1.1.5/bin/../lib/mongrel/rails.rb:74:in `process'
    /Library/Ruby/Gems/1.8/gems/mongrel-1.1.5/lib/mongrel.rb:159:in `process_client'
    /Library/Ruby/Gems/1.8/gems/mongrel-1.1.5/lib/mongrel.rb:158:in `each'
    /Library/Ruby/Gems/1.8/gems/mongrel-1.1.5/lib/mongrel.rb:158:in `process_client'
    /Library/Ruby/Gems/1.8/gems/mongrel-1.1.5/lib/mongrel.rb:285:in `run'
    /Library/Ruby/Gems/1.8/gems/mongrel-1.1.5/lib/mongrel.rb:285:in `initialize'
    /Library/Ruby/Gems/1.8/gems/mongrel-1.1.5/lib/mongrel.rb:285:in `new'
    /Library/Ruby/Gems/1.8/gems/mongrel-1.1.5/lib/mongrel.rb:285:in `run'
    /Library/Ruby/Gems/1.8/gems/mongrel-1.1.5/lib/mongrel.rb:268:in `initialize'
    /Library/Ruby/Gems/1.8/gems/mongrel-1.1.5/lib/mongrel.rb:268:in `new'
    /Library/Ruby/Gems/1.8/gems/mongrel-1.1.5/lib/mongrel.rb:268:in `run'
    /Library/Ruby/Gems/1.8/gems/mongrel-1.1.5/lib/mongrel/configurator.rb:282:in `run'
    /Library/Ruby/Gems/1.8/gems/mongrel-1.1.5/lib/mongrel/configurator.rb:281:in `each'
    /Library/Ruby/Gems/1.8/gems/mongrel-1.1.5/lib/mongrel/configurator.rb:281:in `run'
    /Library/Ruby/Gems/1.8/gems/mongrel-1.1.5/bin/mongrel_rails:128:in `run'
    /Library/Ruby/Gems/1.8/gems/mongrel-1.1.5/lib/mongrel/command.rb:212:in `run'
    /Library/Ruby/Gems/1.8/gems/mongrel-1.1.5/bin/mongrel_rails:281
    /Library/Ruby/Gems/1.8/gems/activesupport-2.1.0/lib/active_support/dependencies.rb:502:in `load'
    /Library/Ruby/Gems/1.8/gems/activesupport-2.1.0/lib/active_support/dependencies.rb:502:in `load'
    /Library/Ruby/Gems/1.8/gems/activesupport-2.1.0/lib/active_support/dependencies.rb:354:in `new_constants_in'
    /Library/Ruby/Gems/1.8/gems/activesupport-2.1.0/lib/active_support/dependencies.rb:502:in `load'
    /Library/Ruby/Gems/1.8/gems/rails-2.1.0/lib/commands/servers/mongrel.rb:64
    /Library/Ruby/Site/1.8/rubygems/custom_require.rb:27:in `gem_original_require'
    /Library/Ruby/Site/1.8/rubygems/custom_require.rb:27:in `require'
    /Library/Ruby/Gems/1.8/gems/activesupport-2.1.0/lib/active_support/dependencies.rb:509:in `require'
    /Library/Ruby/Gems/1.8/gems/activesupport-2.1.0/lib/active_support/dependencies.rb:354:in `new_constants_in'
    /Library/Ruby/Gems/1.8/gems/activesupport-2.1.0/lib/active_support/dependencies.rb:509:in `require'
    /Library/Ruby/Gems/1.8/gems/rails-2.1.0/lib/commands/server.rb:39
    /Library/Ruby/Site/1.8/rubygems/custom_require.rb:27:in `gem_original_require'
    /Library/Ruby/Site/1.8/rubygems/custom_require.rb:27:in `require'
    script/server:3

Rendering /Library/Ruby/Gems/1.8/gems/actionpack-2.1.0/lib/action_controller/templates/rescues/layout.erb (internal_server_error)
